[INFO] Scanning for projects...
[INFO] 
[INFO] ----------------------< org.example:cart-service >----------------------
[INFO] Building cart-service 1.0-SNAPSHOT
[INFO]   from pom.xml
[INFO] --------------------------------[ jar ]---------------------------------
[INFO] 
[INFO] >>> spring-boot:3.2.5:run (default-cli) > test-compile @ cart-service >>>
[INFO] 
[INFO] --- resources:3.3.1:resources (default-resources) @ cart-service ---
[INFO] Copying 1 resource from src/main/resources to target/classes
[INFO] Copying 0 resource from src/main/resources to target/classes
[INFO] 
[INFO] --- compiler:3.11.0:compile (default-compile) @ cart-service ---
[INFO] Nothing to compile - all classes are up to date
[INFO] 
[INFO] --- resources:3.3.1:testResources (default-testResources) @ cart-service ---
[INFO] skip non existing resourceDirectory /Users/kalyanimogre/shop/cart-service/src/test/resources
[INFO] 
[INFO] --- compiler:3.11.0:testCompile (default-testCompile) @ cart-service ---
[INFO] Nothing to compile - all classes are up to date
[INFO] 
[INFO] <<< spring-boot:3.2.5:run (default-cli) < test-compile @ cart-service <<<
[INFO] 
[INFO] 
[INFO] --- spring-boot:3.2.5:run (default-cli) @ cart-service ---
[INFO] Attaching agents: []

  .   ____          _            __ _ _
 /\\ / ___'_ __ _ _(_)_ __  __ _ \ \ \ \
( ( )\___ | '_ | '_| | '_ \/ _` | \ \ \ \
 \\/  ___)| |_)| | | | | || (_| |  ) ) ) )
  '  |____| .__|_| |_|_| |_\__, | / / / /
 =========|_|==============|___/=/_/_/_/
 :: Spring Boot ::                (v3.2.5)

2026-05-19T18:13:38.538+05:30  INFO 41919 --- [           main] org.example.CartApplication              : Starting CartApplication using Java 17.0.18 with PID 41919 (/Users/kalyanimogre/shop/cart-service/target/classes started by kalyanimogre in /Users/kalyanimogre/shop/cart-service)
2026-05-19T18:13:38.539+05:30  INFO 41919 --- [           main] org.example.CartApplication              : No active profile set, falling back to 1 default profile: "default"
2026-05-19T18:13:38.877+05:30  INFO 41919 --- [           main] .s.d.r.c.RepositoryConfigurationDelegate : Bootstrapping Spring Data JPA repositories in DEFAULT mode.
2026-05-19T18:13:38.905+05:30  INFO 41919 --- [           main] .s.d.r.c.RepositoryConfigurationDelegate : Finished Spring Data repository scanning in 24 ms. Found 3 JPA repository interfaces.
2026-05-19T18:13:39.163+05:30  INFO 41919 --- [           main] o.s.b.w.embedded.tomcat.TomcatWebServer  : Tomcat initialized with port 8082 (http)
2026-05-19T18:13:39.168+05:30  INFO 41919 --- [           main] o.apache.catalina.core.StandardService   : Starting service [Tomcat]
2026-05-19T18:13:39.169+05:30  INFO 41919 --- [           main] o.apache.catalina.core.StandardEngine    : Starting Servlet engine: [Apache Tomcat/10.1.20]
2026-05-19T18:13:39.201+05:30  INFO 41919 --- [           main] o.a.c.c.C.[Tomcat].[localhost].[/]       : Initializing Spring embedded WebApplicationContext
2026-05-19T18:13:39.201+05:30  INFO 41919 --- [           main] w.s.c.ServletWebServerApplicationContext : Root WebApplicationContext: initialization completed in 644 ms
2026-05-19T18:13:39.276+05:30  INFO 41919 --- [           main] o.hibernate.jpa.internal.util.LogHelper  : HHH000204: Processing PersistenceUnitInfo [name: default]
2026-05-19T18:13:39.300+05:30  INFO 41919 --- [           main] org.hibernate.Version                    : HHH000412: Hibernate ORM core version 6.4.4.Final
2026-05-19T18:13:39.313+05:30  INFO 41919 --- [           main] o.h.c.internal.RegionFactoryInitiator    : HHH000026: Second-level cache disabled
2026-05-19T18:13:39.409+05:30  INFO 41919 --- [           main] o.s.o.j.p.SpringPersistenceUnitInfo      : No LoadTimeWeaver setup: ignoring JPA class transformer
2026-05-19T18:13:39.420+05:30  INFO 41919 --- [           main] com.zaxxer.hikari.HikariDataSource       : HikariPool-1 - Starting...
2026-05-19T18:13:39.522+05:30  INFO 41919 --- [           main] com.zaxxer.hikari.pool.HikariPool        : HikariPool-1 - Added connection org.postgresql.jdbc.PgConnection@39ace1a7
2026-05-19T18:13:39.523+05:30  INFO 41919 --- [           main] com.zaxxer.hikari.HikariDataSource       : HikariPool-1 - Start completed.
2026-05-19T18:13:39.541+05:30  WARN 41919 --- [           main] org.hibernate.orm.deprecation            : HHH90000025: PostgreSQLDialect does not need to be specified explicitly using 'hibernate.dialect' (remove the property setting and it will be selected by default)
2026-05-19T18:13:39.951+05:30  INFO 41919 --- [           main] o.h.e.t.j.p.i.JtaPlatformInitiator       : HHH000489: No JTA platform available (set 'hibernate.transaction.jta.platform' to enable JTA platform integration)
2026-05-19T18:13:40.022+05:30  INFO 41919 --- [           main] j.LocalContainerEntityManagerFactoryBean : Initialized JPA EntityManagerFactory for persistence unit 'default'
2026-05-19T18:13:40.157+05:30  INFO 41919 --- [           main] o.s.d.j.r.query.QueryEnhancerFactory     : Hibernate is in classpath; If applicable, HQL parser will be used.
2026-05-19T18:13:40.586+05:30  INFO 41919 --- [           main] i.t.s.WorkflowServiceStubsImpl           : Created WorkflowServiceStubs for channel: ManagedChannelOrphanWrapper{delegate=ManagedChannelImpl{logId=1, target=localhost:7233}}
2026-05-19T18:13:40.655+05:30  WARN 41919 --- [           main] JpaBaseConfiguration$JpaWebConfiguration : spring.jpa.open-in-view is enabled by default. Therefore, database queries may be performed during view rendering. Explicitly configure spring.jpa.open-in-view to disable this warning
2026-05-19T18:13:40.663+05:30  WARN 41919 --- [           main] .s.s.UserDetailsServiceAutoConfiguration : 

Using generated security password: c39c0b87-05be-45f4-a94d-54f7b441fafa

This generated password is for development use only. Your security configuration must be updated before running your application in production.

2026-05-19T18:13:40.771+05:30  INFO 41919 --- [           main] o.s.s.web.DefaultSecurityFilterChain     : Will secure any request with [org.springframework.security.web.session.DisableEncodeUrlFilter@44cd3ea9, org.springframework.security.web.context.request.async.WebAsyncManagerIntegrationFilter@352df548, org.springframework.security.web.context.SecurityContextHolderFilter@5f58ac11, org.springframework.security.web.header.HeaderWriterFilter@5fc4af25, org.springframework.web.filter.CorsFilter@45dc4d1a, org.springframework.security.web.authentication.logout.LogoutFilter@78571a17, org.example.config.JwtAuthFilter@22ad1bae, org.springframework.security.web.savedrequest.RequestCacheAwareFilter@1768c77f, org.springframework.security.web.servletapi.SecurityContextHolderAwareRequestFilter@bb0dcb6, org.springframework.security.web.authentication.AnonymousAuthenticationFilter@4dbcc8ce, org.springframework.security.web.session.SessionManagementFilter@2c84d6c4, org.springframework.security.web.access.ExceptionTranslationFilter@416dd4d8, org.springframework.security.web.access.intercept.AuthorizationFilter@550482aa]
2026-05-19T18:13:41.212+05:30  INFO 41919 --- [           main] o.s.b.w.embedded.tomcat.TomcatWebServer  : Tomcat started on port 8082 (http) with context path ''
2026-05-19T18:13:41.234+05:30  INFO 41919 --- [           main] o.a.k.clients.consumer.ConsumerConfig    : ConsumerConfig values: 
	allow.auto.create.topics = true
	auto.commit.interval.ms = 5000
	auto.include.jmx.reporter = true
	auto.offset.reset = latest
	bootstrap.servers = [localhost:9092]
	check.crcs = true
	client.dns.lookup = use_all_dns_ips
	client.id = consumer-cart-group-1
	client.rack = 
	connections.max.idle.ms = 540000
	default.api.timeout.ms = 60000
	enable.auto.commit = false
	exclude.internal.topics = true
	fetch.max.bytes = 52428800
	fetch.max.wait.ms = 500
	fetch.min.bytes = 1
	group.id = cart-group
	group.instance.id = null
	heartbeat.interval.ms = 3000
	interceptor.classes = []
	internal.leave.group.on.close = true
	internal.throw.on.fetch.stable.offset.unsupported = false
	isolation.level = read_uncommitted
	key.deserializer = class org.apache.kafka.common.serialization.StringDeserializer
	max.partition.fetch.bytes = 1048576
	max.poll.interval.ms = 300000
	max.poll.records = 500
	metadata.max.age.ms = 300000
	metric.reporters = []
	metrics.num.samples = 2
	metrics.recording.level = INFO
	metrics.sample.window.ms = 30000
	partition.assignment.strategy = [class org.apache.kafka.clients.consumer.RangeAssignor, class org.apache.kafka.clients.consumer.CooperativeStickyAssignor]
	receive.buffer.bytes = 65536
	reconnect.backoff.max.ms = 1000
	reconnect.backoff.ms = 50
	request.timeout.ms = 30000
	retry.backoff.ms = 100
	sasl.client.callback.handler.class = null
	sasl.jaas.config = null
	sasl.kerberos.kinit.cmd = /usr/bin/kinit
	sasl.kerberos.min.time.before.relogin = 60000
	sasl.kerberos.service.name = null
	sasl.kerberos.ticket.renew.jitter = 0.05
	sasl.kerberos.ticket.renew.window.factor = 0.8
	sasl.login.callback.handler.class = null
	sasl.login.class = null
	sasl.login.connect.timeout.ms = null
	sasl.login.read.timeout.ms = null
	sasl.login.refresh.buffer.seconds = 300
	sasl.login.refresh.min.period.seconds = 60
	sasl.login.refresh.window.factor = 0.8
	sasl.login.refresh.window.jitter = 0.05
	sasl.login.retry.backoff.max.ms = 10000
	sasl.login.retry.backoff.ms = 100
	sasl.mechanism = GSSAPI
	sasl.oauthbearer.clock.skew.seconds = 30
	sasl.oauthbearer.expected.audience = null
	sasl.oauthbearer.expected.issuer = null
	sasl.oauthbearer.jwks.endpoint.refresh.ms = 3600000
	sasl.oauthbearer.jwks.endpoint.retry.backoff.max.ms = 10000
	sasl.oauthbearer.jwks.endpoint.retry.backoff.ms = 100
	sasl.oauthbearer.jwks.endpoint.url = null
	sasl.oauthbearer.scope.claim.name = scope
	sasl.oauthbearer.sub.claim.name = sub
	sasl.oauthbearer.token.endpoint.url = null
	security.protocol = PLAINTEXT
	security.providers = null
	send.buffer.bytes = 131072
	session.timeout.ms = 45000
	socket.connection.setup.timeout.max.ms = 30000
	socket.connection.setup.timeout.ms = 10000
	ssl.cipher.suites = null
	ssl.enabled.protocols = [TLSv1.2, TLSv1.3]
	ssl.endpoint.identification.algorithm = https
	ssl.engine.factory.class = null
	ssl.key.password = null
	ssl.keymanager.algorithm = SunX509
	ssl.keystore.certificate.chain = null
	ssl.keystore.key = null
	ssl.keystore.location = null
	ssl.keystore.password = null
	ssl.keystore.type = JKS
	ssl.protocol = TLSv1.3
	ssl.provider = null
	ssl.secure.random.implementation = null
	ssl.trustmanager.algorithm = PKIX
	ssl.truststore.certificates = null
	ssl.truststore.location = null
	ssl.truststore.password = null
	ssl.truststore.type = JKS
	value.deserializer = class org.springframework.kafka.support.serializer.JsonDeserializer

2026-05-19T18:13:41.323+05:30  INFO 41919 --- [           main] o.a.kafka.common.utils.AppInfoParser     : Kafka version: 3.6.2
2026-05-19T18:13:41.323+05:30  INFO 41919 --- [           main] o.a.kafka.common.utils.AppInfoParser     : Kafka commitId: c4deed513057c94e
2026-05-19T18:13:41.323+05:30  INFO 41919 --- [           main] o.a.kafka.common.utils.AppInfoParser     : Kafka startTimeMs: 1779194621323
2026-05-19T18:13:41.325+05:30  INFO 41919 --- [           main] fkaConsumerFactory$ExtendedKafkaConsumer : [Consumer clientId=consumer-cart-group-1, groupId=cart-group] Subscribed to topic(s): stock.update-response
2026-05-19T18:13:41.329+05:30  INFO 41919 --- [           main] o.a.k.clients.consumer.ConsumerConfig    : ConsumerConfig values: 
	allow.auto.create.topics = true
	auto.commit.interval.ms = 5000
	auto.include.jmx.reporter = true
	auto.offset.reset = latest
	bootstrap.servers = [localhost:9092]
	check.crcs = true
	client.dns.lookup = use_all_dns_ips
	client.id = consumer-cart-group-2
	client.rack = 
	connections.max.idle.ms = 540000
	default.api.timeout.ms = 60000
	enable.auto.commit = false
	exclude.internal.topics = true
	fetch.max.bytes = 52428800
	fetch.max.wait.ms = 500
	fetch.min.bytes = 1
	group.id = cart-group
	group.instance.id = null
	heartbeat.interval.ms = 3000
	interceptor.classes = []
	internal.leave.group.on.close = true
	internal.throw.on.fetch.stable.offset.unsupported = false
	isolation.level = read_uncommitted
	key.deserializer = class org.apache.kafka.common.serialization.StringDeserializer
	max.partition.fetch.bytes = 1048576
	max.poll.interval.ms = 300000
	max.poll.records = 500
	metadata.max.age.ms = 300000
	metric.reporters = []
	metrics.num.samples = 2
	metrics.recording.level = INFO
	metrics.sample.window.ms = 30000
	partition.assignment.strategy = [class org.apache.kafka.clients.consumer.RangeAssignor, class org.apache.kafka.clients.consumer.CooperativeStickyAssignor]
	receive.buffer.bytes = 65536
	reconnect.backoff.max.ms = 1000
	reconnect.backoff.ms = 50
	request.timeout.ms = 30000
	retry.backoff.ms = 100
	sasl.client.callback.handler.class = null
	sasl.jaas.config = null
	sasl.kerberos.kinit.cmd = /usr/bin/kinit
	sasl.kerberos.min.time.before.relogin = 60000
	sasl.kerberos.service.name = null
	sasl.kerberos.ticket.renew.jitter = 0.05
	sasl.kerberos.ticket.renew.window.factor = 0.8
	sasl.login.callback.handler.class = null
	sasl.login.class = null
	sasl.login.connect.timeout.ms = null
	sasl.login.read.timeout.ms = null
	sasl.login.refresh.buffer.seconds = 300
	sasl.login.refresh.min.period.seconds = 60
	sasl.login.refresh.window.factor = 0.8
	sasl.login.refresh.window.jitter = 0.05
	sasl.login.retry.backoff.max.ms = 10000
	sasl.login.retry.backoff.ms = 100
	sasl.mechanism = GSSAPI
	sasl.oauthbearer.clock.skew.seconds = 30
	sasl.oauthbearer.expected.audience = null
	sasl.oauthbearer.expected.issuer = null
	sasl.oauthbearer.jwks.endpoint.refresh.ms = 3600000
	sasl.oauthbearer.jwks.endpoint.retry.backoff.max.ms = 10000
	sasl.oauthbearer.jwks.endpoint.retry.backoff.ms = 100
	sasl.oauthbearer.jwks.endpoint.url = null
	sasl.oauthbearer.scope.claim.name = scope
	sasl.oauthbearer.sub.claim.name = sub
	sasl.oauthbearer.token.endpoint.url = null
	security.protocol = PLAINTEXT
	security.providers = null
	send.buffer.bytes = 131072
	session.timeout.ms = 45000
	socket.connection.setup.timeout.max.ms = 30000
	socket.connection.setup.timeout.ms = 10000
	ssl.cipher.suites = null
	ssl.enabled.protocols = [TLSv1.2, TLSv1.3]
	ssl.endpoint.identification.algorithm = https
	ssl.engine.factory.class = null
	ssl.key.password = null
	ssl.keymanager.algorithm = SunX509
	ssl.keystore.certificate.chain = null
	ssl.keystore.key = null
	ssl.keystore.location = null
	ssl.keystore.password = null
	ssl.keystore.type = JKS
	ssl.protocol = TLSv1.3
	ssl.provider = null
	ssl.secure.random.implementation = null
	ssl.trustmanager.algorithm = PKIX
	ssl.truststore.certificates = null
	ssl.truststore.location = null
	ssl.truststore.password = null
	ssl.truststore.type = JKS
	value.deserializer = class org.springframework.kafka.support.serializer.JsonDeserializer

2026-05-19T18:13:41.332+05:30  INFO 41919 --- [           main] o.a.kafka.common.utils.AppInfoParser     : Kafka version: 3.6.2
2026-05-19T18:13:41.332+05:30  INFO 41919 --- [           main] o.a.kafka.common.utils.AppInfoParser     : Kafka commitId: c4deed513057c94e
2026-05-19T18:13:41.332+05:30  INFO 41919 --- [           main] o.a.kafka.common.utils.AppInfoParser     : Kafka startTimeMs: 1779194621332
2026-05-19T18:13:41.332+05:30  INFO 41919 --- [           main] fkaConsumerFactory$ExtendedKafkaConsumer : [Consumer clientId=consumer-cart-group-2, groupId=cart-group] Subscribed to topic(s): stock.updated
2026-05-19T18:13:41.333+05:30  INFO 41919 --- [           main] o.a.k.clients.consumer.ConsumerConfig    : ConsumerConfig values: 
	allow.auto.create.topics = true
	auto.commit.interval.ms = 5000
	auto.include.jmx.reporter = true
	auto.offset.reset = latest
	bootstrap.servers = [localhost:9092]
	check.crcs = true
	client.dns.lookup = use_all_dns_ips
	client.id = consumer-cart-group-3
	client.rack = 
	connections.max.idle.ms = 540000
	default.api.timeout.ms = 60000
	enable.auto.commit = false
	exclude.internal.topics = true
	fetch.max.bytes = 52428800
	fetch.max.wait.ms = 500
	fetch.min.bytes = 1
	group.id = cart-group
	group.instance.id = null
	heartbeat.interval.ms = 3000
	interceptor.classes = []
	internal.leave.group.on.close = true
	internal.throw.on.fetch.stable.offset.unsupported = false
	isolation.level = read_uncommitted
	key.deserializer = class org.apache.kafka.common.serialization.StringDeserializer
	max.partition.fetch.bytes = 1048576
	max.poll.interval.ms = 300000
	max.poll.records = 500
	metadata.max.age.ms = 300000
	metric.reporters = []
	metrics.num.samples = 2
	metrics.recording.level = INFO
	metrics.sample.window.ms = 30000
	partition.assignment.strategy = [class org.apache.kafka.clients.consumer.RangeAssignor, class org.apache.kafka.clients.consumer.CooperativeStickyAssignor]
	receive.buffer.bytes = 65536
	reconnect.backoff.max.ms = 1000
	reconnect.backoff.ms = 50
	request.timeout.ms = 30000
	retry.backoff.ms = 100
	sasl.client.callback.handler.class = null
	sasl.jaas.config = null
	sasl.kerberos.kinit.cmd = /usr/bin/kinit
	sasl.kerberos.min.time.before.relogin = 60000
	sasl.kerberos.service.name = null
	sasl.kerberos.ticket.renew.jitter = 0.05
	sasl.kerberos.ticket.renew.window.factor = 0.8
	sasl.login.callback.handler.class = null
	sasl.login.class = null
	sasl.login.connect.timeout.ms = null
	sasl.login.read.timeout.ms = null
	sasl.login.refresh.buffer.seconds = 300
	sasl.login.refresh.min.period.seconds = 60
	sasl.login.refresh.window.factor = 0.8
	sasl.login.refresh.window.jitter = 0.05
	sasl.login.retry.backoff.max.ms = 10000
	sasl.login.retry.backoff.ms = 100
	sasl.mechanism = GSSAPI
	sasl.oauthbearer.clock.skew.seconds = 30
	sasl.oauthbearer.expected.audience = null
	sasl.oauthbearer.expected.issuer = null
	sasl.oauthbearer.jwks.endpoint.refresh.ms = 3600000
	sasl.oauthbearer.jwks.endpoint.retry.backoff.max.ms = 10000
	sasl.oauthbearer.jwks.endpoint.retry.backoff.ms = 100
	sasl.oauthbearer.jwks.endpoint.url = null
	sasl.oauthbearer.scope.claim.name = scope
	sasl.oauthbearer.sub.claim.name = sub
	sasl.oauthbearer.token.endpoint.url = null
	security.protocol = PLAINTEXT
	security.providers = null
	send.buffer.bytes = 131072
	session.timeout.ms = 45000
	socket.connection.setup.timeout.max.ms = 30000
	socket.connection.setup.timeout.ms = 10000
	ssl.cipher.suites = null
	ssl.enabled.protocols = [TLSv1.2, TLSv1.3]
	ssl.endpoint.identification.algorithm = https
	ssl.engine.factory.class = null
	ssl.key.password = null
	ssl.keymanager.algorithm = SunX509
	ssl.keystore.certificate.chain = null
	ssl.keystore.key = null
	ssl.keystore.location = null
	ssl.keystore.password = null
	ssl.keystore.type = JKS
	ssl.protocol = TLSv1.3
	ssl.provider = null
	ssl.secure.random.implementation = null
	ssl.trustmanager.algorithm = PKIX
	ssl.truststore.certificates = null
	ssl.truststore.location = null
	ssl.truststore.password = null
	ssl.truststore.type = JKS
	value.deserializer = class org.springframework.kafka.support.serializer.JsonDeserializer

2026-05-19T18:13:41.335+05:30  INFO 41919 --- [           main] o.a.kafka.common.utils.AppInfoParser     : Kafka version: 3.6.2
2026-05-19T18:13:41.335+05:30  INFO 41919 --- [           main] o.a.kafka.common.utils.AppInfoParser     : Kafka commitId: c4deed513057c94e
2026-05-19T18:13:41.335+05:30  INFO 41919 --- [           main] o.a.kafka.common.utils.AppInfoParser     : Kafka startTimeMs: 1779194621335
2026-05-19T18:13:41.335+05:30  INFO 41919 --- [           main] fkaConsumerFactory$ExtendedKafkaConsumer : [Consumer clientId=consumer-cart-group-3, groupId=cart-group] Subscribed to topic(s): cart.item-added
2026-05-19T18:13:41.336+05:30  INFO 41919 --- [           main] o.a.k.clients.consumer.ConsumerConfig    : ConsumerConfig values: 
	allow.auto.create.topics = true
	auto.commit.interval.ms = 5000
	auto.include.jmx.reporter = true
	auto.offset.reset = latest
	bootstrap.servers = [localhost:9092]
	check.crcs = true
	client.dns.lookup = use_all_dns_ips
	client.id = consumer-cart-group-4
	client.rack = 
	connections.max.idle.ms = 540000
	default.api.timeout.ms = 60000
	enable.auto.commit = false
	exclude.internal.topics = true
	fetch.max.bytes = 52428800
	fetch.max.wait.ms = 500
	fetch.min.bytes = 1
	group.id = cart-group
	group.instance.id = null
	heartbeat.interval.ms = 3000
	interceptor.classes = []
	internal.leave.group.on.close = true
	internal.throw.on.fetch.stable.offset.unsupported = false
	isolation.level = read_uncommitted
	key.deserializer = class org.apache.kafka.common.serialization.StringDeserializer
	max.partition.fetch.bytes = 1048576
	max.poll.interval.ms = 300000
	max.poll.records = 500
	metadata.max.age.ms = 300000
	metric.reporters = []
	metrics.num.samples = 2
	metrics.recording.level = INFO
	metrics.sample.window.ms = 30000
	partition.assignment.strategy = [class org.apache.kafka.clients.consumer.RangeAssignor, class org.apache.kafka.clients.consumer.CooperativeStickyAssignor]
	receive.buffer.bytes = 65536
	reconnect.backoff.max.ms = 1000
	reconnect.backoff.ms = 50
	request.timeout.ms = 30000
	retry.backoff.ms = 100
	sasl.client.callback.handler.class = null
	sasl.jaas.config = null
	sasl.kerberos.kinit.cmd = /usr/bin/kinit
	sasl.kerberos.min.time.before.relogin = 60000
	sasl.kerberos.service.name = null
	sasl.kerberos.ticket.renew.jitter = 0.05
	sasl.kerberos.ticket.renew.window.factor = 0.8
	sasl.login.callback.handler.class = null
	sasl.login.class = null
	sasl.login.connect.timeout.ms = null
	sasl.login.read.timeout.ms = null
	sasl.login.refresh.buffer.seconds = 300
	sasl.login.refresh.min.period.seconds = 60
	sasl.login.refresh.window.factor = 0.8
	sasl.login.refresh.window.jitter = 0.05
	sasl.login.retry.backoff.max.ms = 10000
	sasl.login.retry.backoff.ms = 100
	sasl.mechanism = GSSAPI
	sasl.oauthbearer.clock.skew.seconds = 30
	sasl.oauthbearer.expected.audience = null
	sasl.oauthbearer.expected.issuer = null
	sasl.oauthbearer.jwks.endpoint.refresh.ms = 3600000
	sasl.oauthbearer.jwks.endpoint.retry.backoff.max.ms = 10000
	sasl.oauthbearer.jwks.endpoint.retry.backoff.ms = 100
	sasl.oauthbearer.jwks.endpoint.url = null
	sasl.oauthbearer.scope.claim.name = scope
	sasl.oauthbearer.sub.claim.name = sub
	sasl.oauthbearer.token.endpoint.url = null
	security.protocol = PLAINTEXT
	security.providers = null
	send.buffer.bytes = 131072
	session.timeout.ms = 45000
	socket.connection.setup.timeout.max.ms = 30000
	socket.connection.setup.timeout.ms = 10000
	ssl.cipher.suites = null
	ssl.enabled.protocols = [TLSv1.2, TLSv1.3]
	ssl.endpoint.identification.algorithm = https
	ssl.engine.factory.class = null
	ssl.key.password = null
	ssl.keymanager.algorithm = SunX509
	ssl.keystore.certificate.chain = null
	ssl.keystore.key = null
	ssl.keystore.location = null
	ssl.keystore.password = null
	ssl.keystore.type = JKS
	ssl.protocol = TLSv1.3
	ssl.provider = null
	ssl.secure.random.implementation = null
	ssl.trustmanager.algorithm = PKIX
	ssl.truststore.certificates = null
	ssl.truststore.location = null
	ssl.truststore.password = null
	ssl.truststore.type = JKS
	value.deserializer = class org.springframework.kafka.support.serializer.JsonDeserializer

2026-05-19T18:13:41.338+05:30  INFO 41919 --- [           main] o.a.kafka.common.utils.AppInfoParser     : Kafka version: 3.6.2
2026-05-19T18:13:41.338+05:30  INFO 41919 --- [           main] o.a.kafka.common.utils.AppInfoParser     : Kafka commitId: c4deed513057c94e
2026-05-19T18:13:41.338+05:30  INFO 41919 --- [           main] o.a.kafka.common.utils.AppInfoParser     : Kafka startTimeMs: 1779194621338
2026-05-19T18:13:41.338+05:30  INFO 41919 --- [           main] fkaConsumerFactory$ExtendedKafkaConsumer : [Consumer clientId=consumer-cart-group-4, groupId=cart-group] Subscribed to topic(s): stock.check-response
2026-05-19T18:13:41.343+05:30  INFO 41919 --- [           main] org.example.CartApplication              : Started CartApplication in 2.964 seconds (process running for 3.127)
2026-05-19T18:13:41.481+05:30  INFO 41919 --- [ntainer#0-0-C-1] org.apache.kafka.clients.Metadata        : [Consumer clientId=consumer-cart-group-3, groupId=cart-group] Cluster ID: if7cOHP-Q1W2NxeGrA8t8A
2026-05-19T18:13:41.481+05:30  INFO 41919 --- [ntainer#3-0-C-1] org.apache.kafka.clients.Metadata        : [Consumer clientId=consumer-cart-group-2, groupId=cart-group] Cluster ID: if7cOHP-Q1W2NxeGrA8t8A
2026-05-19T18:13:41.481+05:30  INFO 41919 --- [ntainer#1-0-C-1] org.apache.kafka.clients.Metadata        : [Consumer clientId=consumer-cart-group-4, groupId=cart-group] Cluster ID: if7cOHP-Q1W2NxeGrA8t8A
2026-05-19T18:13:41.481+05:30  INFO 41919 --- [ntainer#2-0-C-1] org.apache.kafka.clients.Metadata        : [Consumer clientId=consumer-cart-group-1, groupId=cart-group] Cluster ID: if7cOHP-Q1W2NxeGrA8t8A
2026-05-19T18:13:41.489+05:30  INFO 41919 --- [ntainer#3-0-C-1] o.a.k.c.c.internals.ConsumerCoordinator  : [Consumer clientId=consumer-cart-group-2, groupId=cart-group] Discovered group coordinator localhost:9092 (id: 2147483646 rack: null)
2026-05-19T18:13:41.489+05:30  INFO 41919 --- [ntainer#0-0-C-1] o.a.k.c.c.internals.ConsumerCoordinator  : [Consumer clientId=consumer-cart-group-3, groupId=cart-group] Discovered group coordinator localhost:9092 (id: 2147483646 rack: null)
2026-05-19T18:13:41.489+05:30  INFO 41919 --- [ntainer#2-0-C-1] o.a.k.c.c.internals.ConsumerCoordinator  : [Consumer clientId=consumer-cart-group-1, groupId=cart-group] Discovered group coordinator localhost:9092 (id: 2147483646 rack: null)
2026-05-19T18:13:41.489+05:30  INFO 41919 --- [ntainer#1-0-C-1] o.a.k.c.c.internals.ConsumerCoordinator  : [Consumer clientId=consumer-cart-group-4, groupId=cart-group] Discovered group coordinator localhost:9092 (id: 2147483646 rack: null)
2026-05-19T18:13:41.490+05:30  INFO 41919 --- [ntainer#0-0-C-1] o.a.k.c.c.internals.ConsumerCoordinator  : [Consumer clientId=consumer-cart-group-3, groupId=cart-group] (Re-)joining group
2026-05-19T18:13:41.490+05:30  INFO 41919 --- [ntainer#3-0-C-1] o.a.k.c.c.internals.ConsumerCoordinator  : [Consumer clientId=consumer-cart-group-2, groupId=cart-group] (Re-)joining group
2026-05-19T18:13:41.490+05:30  INFO 41919 --- [ntainer#2-0-C-1] o.a.k.c.c.internals.ConsumerCoordinator  : [Consumer clientId=consumer-cart-group-1, groupId=cart-group] (Re-)joining group
2026-05-19T18:13:41.491+05:30  INFO 41919 --- [ntainer#1-0-C-1] o.a.k.c.c.internals.ConsumerCoordinator  : [Consumer clientId=consumer-cart-group-4, groupId=cart-group] (Re-)joining group
2026-05-19T18:13:41.531+05:30  INFO 41919 --- [ntainer#0-0-C-1] o.a.k.c.c.internals.ConsumerCoordinator  : [Consumer clientId=consumer-cart-group-3, groupId=cart-group] Request joining group due to: need to re-join with the given member-id: consumer-cart-group-3-39c0495a-5793-4b0b-9b8e-8a2290cfd8a4
2026-05-19T18:13:41.531+05:30  INFO 41919 --- [ntainer#3-0-C-1] o.a.k.c.c.internals.ConsumerCoordinator  : [Consumer clientId=consumer-cart-group-2, groupId=cart-group] Request joining group due to: need to re-join with the given member-id: consumer-cart-group-2-1183df74-bca6-4fe8-ab97-7d21a1c6882a
2026-05-19T18:13:41.531+05:30  INFO 41919 --- [ntainer#2-0-C-1] o.a.k.c.c.internals.ConsumerCoordinator  : [Consumer clientId=consumer-cart-group-1, groupId=cart-group] Request joining group due to: need to re-join with the given member-id: consumer-cart-group-1-4a2efc36-7ce9-4ca0-b82b-0b7dfc14900c
2026-05-19T18:13:41.531+05:30  INFO 41919 --- [ntainer#1-0-C-1] o.a.k.c.c.internals.ConsumerCoordinator  : [Consumer clientId=consumer-cart-group-4, groupId=cart-group] Request joining group due to: need to re-join with the given member-id: consumer-cart-group-4-1188dabb-8bd2-4a38-b825-6a8c5d0a3a44
2026-05-19T18:13:41.531+05:30  INFO 41919 --- [ntainer#0-0-C-1] o.a.k.c.c.internals.ConsumerCoordinator  : [Consumer clientId=consumer-cart-group-3, groupId=cart-group] Request joining group due to: rebalance failed due to 'The group member needs to have a valid member id before actually entering a consumer group.' (MemberIdRequiredException)
2026-05-19T18:13:41.531+05:30  INFO 41919 --- [ntainer#3-0-C-1] o.a.k.c.c.internals.ConsumerCoordinator  : [Consumer clientId=consumer-cart-group-2, groupId=cart-group] Request joining group due to: rebalance failed due to 'The group member needs to have a valid member id before actually entering a consumer group.' (MemberIdRequiredException)
2026-05-19T18:13:41.532+05:30  INFO 41919 --- [ntainer#3-0-C-1] o.a.k.c.c.internals.ConsumerCoordinator  : [Consumer clientId=consumer-cart-group-2, groupId=cart-group] (Re-)joining group
2026-05-19T18:13:41.532+05:30  INFO 41919 --- [ntainer#0-0-C-1] o.a.k.c.c.internals.ConsumerCoordinator  : [Consumer clientId=consumer-cart-group-3, groupId=cart-group] (Re-)joining group
2026-05-19T18:13:41.532+05:30  INFO 41919 --- [ntainer#2-0-C-1] o.a.k.c.c.internals.ConsumerCoordinator  : [Consumer clientId=consumer-cart-group-1, groupId=cart-group] Request joining group due to: rebalance failed due to 'The group member needs to have a valid member id before actually entering a consumer group.' (MemberIdRequiredException)
2026-05-19T18:13:41.532+05:30  INFO 41919 --- [ntainer#1-0-C-1] o.a.k.c.c.internals.ConsumerCoordinator  : [Consumer clientId=consumer-cart-group-4, groupId=cart-group] Request joining group due to: rebalance failed due to 'The group member needs to have a valid member id before actually entering a consumer group.' (MemberIdRequiredException)
2026-05-19T18:13:41.532+05:30  INFO 41919 --- [ntainer#2-0-C-1] o.a.k.c.c.internals.ConsumerCoordinator  : [Consumer clientId=consumer-cart-group-1, groupId=cart-group] (Re-)joining group
2026-05-19T18:13:41.532+05:30  INFO 41919 --- [ntainer#1-0-C-1] o.a.k.c.c.internals.ConsumerCoordinator  : [Consumer clientId=consumer-cart-group-4, groupId=cart-group] (Re-)joining group
2026-05-19T18:14:16.201+05:30  INFO 41919 --- [ntainer#1-0-C-1] o.a.k.c.c.internals.ConsumerCoordinator  : [Consumer clientId=consumer-cart-group-4, groupId=cart-group] Successfully joined group with generation Generation{generationId=203, memberId='consumer-cart-group-4-1188dabb-8bd2-4a38-b825-6a8c5d0a3a44', protocol='range'}
2026-05-19T18:14:16.201+05:30  INFO 41919 --- [ntainer#2-0-C-1] o.a.k.c.c.internals.ConsumerCoordinator  : [Consumer clientId=consumer-cart-group-1, groupId=cart-group] Successfully joined group with generation Generation{generationId=203, memberId='consumer-cart-group-1-4a2efc36-7ce9-4ca0-b82b-0b7dfc14900c', protocol='range'}
2026-05-19T18:14:16.201+05:30  INFO 41919 --- [ntainer#0-0-C-1] o.a.k.c.c.internals.ConsumerCoordinator  : [Consumer clientId=consumer-cart-group-3, groupId=cart-group] Successfully joined group with generation Generation{generationId=203, memberId='consumer-cart-group-3-39c0495a-5793-4b0b-9b8e-8a2290cfd8a4', protocol='range'}
2026-05-19T18:14:16.201+05:30  INFO 41919 --- [ntainer#3-0-C-1] o.a.k.c.c.internals.ConsumerCoordinator  : [Consumer clientId=consumer-cart-group-2, groupId=cart-group] Successfully joined group with generation Generation{generationId=203, memberId='consumer-cart-group-2-1183df74-bca6-4fe8-ab97-7d21a1c6882a', protocol='range'}
2026-05-19T18:14:16.242+05:30  INFO 41919 --- [ntainer#2-0-C-1] o.a.k.c.c.internals.ConsumerCoordinator  : [Consumer clientId=consumer-cart-group-1, groupId=cart-group] Finished assignment for group at generation 203: {consumer-cart-group-1-4a2efc36-7ce9-4ca0-b82b-0b7dfc14900c=Assignment(partitions=[stock.update-response-0]), consumer-cart-group-2-1183df74-bca6-4fe8-ab97-7d21a1c6882a=Assignment(partitions=[stock.updated-0]), consumer-cart-group-3-39c0495a-5793-4b0b-9b8e-8a2290cfd8a4=Assignment(partitions=[cart.item-added-0]), consumer-cart-group-4-1188dabb-8bd2-4a38-b825-6a8c5d0a3a44=Assignment(partitions=[stock.check-response-0])}
2026-05-19T18:14:16.261+05:30  INFO 41919 --- [ntainer#2-0-C-1] o.a.k.c.c.internals.ConsumerCoordinator  : [Consumer clientId=consumer-cart-group-1, groupId=cart-group] Successfully synced group in generation Generation{generationId=203, memberId='consumer-cart-group-1-4a2efc36-7ce9-4ca0-b82b-0b7dfc14900c', protocol='range'}
2026-05-19T18:14:16.261+05:30  INFO 41919 --- [ntainer#1-0-C-1] o.a.k.c.c.internals.ConsumerCoordinator  : [Consumer clientId=consumer-cart-group-4, groupId=cart-group] Successfully synced group in generation Generation{generationId=203, memberId='consumer-cart-group-4-1188dabb-8bd2-4a38-b825-6a8c5d0a3a44', protocol='range'}
2026-05-19T18:14:16.261+05:30  INFO 41919 --- [ntainer#0-0-C-1] o.a.k.c.c.internals.ConsumerCoordinator  : [Consumer clientId=consumer-cart-group-3, groupId=cart-group] Successfully synced group in generation Generation{generationId=203, memberId='consumer-cart-group-3-39c0495a-5793-4b0b-9b8e-8a2290cfd8a4', protocol='range'}
2026-05-19T18:14:16.261+05:30  INFO 41919 --- [ntainer#3-0-C-1] o.a.k.c.c.internals.ConsumerCoordinator  : [Consumer clientId=consumer-cart-group-2, groupId=cart-group] Successfully synced group in generation Generation{generationId=203, memberId='consumer-cart-group-2-1183df74-bca6-4fe8-ab97-7d21a1c6882a', protocol='range'}
2026-05-19T18:14:16.262+05:30  INFO 41919 --- [ntainer#2-0-C-1] o.a.k.c.c.internals.ConsumerCoordinator  : [Consumer clientId=consumer-cart-group-1, groupId=cart-group] Notifying assignor about the new Assignment(partitions=[stock.update-response-0])
2026-05-19T18:14:16.262+05:30  INFO 41919 --- [ntainer#1-0-C-1] o.a.k.c.c.internals.ConsumerCoordinator  : [Consumer clientId=consumer-cart-group-4, groupId=cart-group] Notifying assignor about the new Assignment(partitions=[stock.check-response-0])
2026-05-19T18:14:16.262+05:30  INFO 41919 --- [ntainer#3-0-C-1] o.a.k.c.c.internals.ConsumerCoordinator  : [Consumer clientId=consumer-cart-group-2, groupId=cart-group] Notifying assignor about the new Assignment(partitions=[stock.updated-0])
2026-05-19T18:14:16.262+05:30  INFO 41919 --- [ntainer#0-0-C-1] o.a.k.c.c.internals.ConsumerCoordinator  : [Consumer clientId=consumer-cart-group-3, groupId=cart-group] Notifying assignor about the new Assignment(partitions=[cart.item-added-0])
2026-05-19T18:14:16.265+05:30  INFO 41919 --- [ntainer#0-0-C-1] o.a.k.c.c.internals.ConsumerCoordinator  : [Consumer clientId=consumer-cart-group-3, groupId=cart-group] Adding newly assigned partitions: cart.item-added-0
2026-05-19T18:14:16.265+05:30  INFO 41919 --- [ntainer#3-0-C-1] o.a.k.c.c.internals.ConsumerCoordinator  : [Consumer clientId=consumer-cart-group-2, groupId=cart-group] Adding newly assigned partitions: stock.updated-0
2026-05-19T18:14:16.265+05:30  INFO 41919 --- [ntainer#2-0-C-1] o.a.k.c.c.internals.ConsumerCoordinator  : [Consumer clientId=consumer-cart-group-1, groupId=cart-group] Adding newly assigned partitions: stock.update-response-0
2026-05-19T18:14:16.265+05:30  INFO 41919 --- [ntainer#1-0-C-1] o.a.k.c.c.internals.ConsumerCoordinator  : [Consumer clientId=consumer-cart-group-4, groupId=cart-group] Adding newly assigned partitions: stock.check-response-0
2026-05-19T18:14:16.288+05:30  INFO 41919 --- [ntainer#1-0-C-1] o.a.k.c.c.internals.ConsumerCoordinator  : [Consumer clientId=consumer-cart-group-4, groupId=cart-group] Setting offset for partition stock.check-response-0 to the committed offset FetchPosition{offset=134, offsetEpoch=Optional.empty, currentLeader=LeaderAndEpoch{leader=Optional[localhost:9092 (id: 1 rack: null)], epoch=45}}
2026-05-19T18:14:16.288+05:30  INFO 41919 --- [ntainer#0-0-C-1] o.a.k.c.c.internals.ConsumerCoordinator  : [Consumer clientId=consumer-cart-group-3, groupId=cart-group] Setting offset for partition cart.item-added-0 to the committed offset FetchPosition{offset=15, offsetEpoch=Optional.empty, currentLeader=LeaderAndEpoch{leader=Optional[localhost:9092 (id: 1 rack: null)], epoch=48}}
2026-05-19T18:14:16.288+05:30  INFO 41919 --- [ntainer#3-0-C-1] o.a.k.c.c.internals.ConsumerCoordinator  : [Consumer clientId=consumer-cart-group-2, groupId=cart-group] Setting offset for partition stock.updated-0 to the committed offset FetchPosition{offset=92, offsetEpoch=Optional.empty, currentLeader=LeaderAndEpoch{leader=Optional[localhost:9092 (id: 1 rack: null)], epoch=30}}
2026-05-19T18:14:16.288+05:30  INFO 41919 --- [ntainer#2-0-C-1] o.a.k.c.c.internals.ConsumerCoordinator  : [Consumer clientId=consumer-cart-group-1, groupId=cart-group] Setting offset for partition stock.update-response-0 to the committed offset FetchPosition{offset=95, offsetEpoch=Optional.empty, currentLeader=LeaderAndEpoch{leader=Optional[localhost:9092 (id: 1 rack: null)], epoch=30}}
2026-05-19T18:14:16.289+05:30  INFO 41919 --- [ntainer#2-0-C-1] o.s.k.l.KafkaMessageListenerContainer    : cart-group: partitions assigned: [stock.update-response-0]
2026-05-19T18:14:16.289+05:30  INFO 41919 --- [ntainer#3-0-C-1] o.s.k.l.KafkaMessageListenerContainer    : cart-group: partitions assigned: [stock.updated-0]
2026-05-19T18:14:16.289+05:30  INFO 41919 --- [ntainer#0-0-C-1] o.s.k.l.KafkaMessageListenerContainer    : cart-group: partitions assigned: [cart.item-added-0]
2026-05-19T18:14:16.289+05:30  INFO 41919 --- [ntainer#1-0-C-1] o.s.k.l.KafkaMessageListenerContainer    : cart-group: partitions assigned: [stock.check-response-0]
2026-05-19T18:15:58.930+05:30  INFO 41919 --- [nio-8082-exec-1] o.a.c.c.C.[Tomcat].[localhost].[/]       : Initializing Spring DispatcherServlet 'dispatcherServlet'
2026-05-19T18:15:58.931+05:30  INFO 41919 --- [nio-8082-exec-1] o.s.web.servlet.DispatcherServlet        : Initializing Servlet 'dispatcherServlet'
2026-05-19T18:15:58.935+05:30  INFO 41919 --- [nio-8082-exec-1] o.s.web.servlet.DispatcherServlet        : Completed initialization in 4 ms
Hibernate: select c1_0.id,c1_0.created_at,c1_0.updated_at,c1_0.user_id from carts c1_0 where c1_0.user_id=?
Hibernate: select ci1_0.id,ci1_0.cart_id,ci1_0.created_at,ci1_0.image_url,ci1_0.product_id,ci1_0.product_name,ci1_0.quantity,ci1_0.item_status,ci1_0.stock_quantity,ci1_0."unit-price",ci1_0.updated_at from cart_items ci1_0 left join carts c1_0 on c1_0.id=ci1_0.cart_id where c1_0.id=?
Hibernate: select ci1_0.id,ci1_0.cart_id,ci1_0.created_at,ci1_0.image_url,ci1_0.product_id,ci1_0.product_name,ci1_0.quantity,ci1_0.item_status,ci1_0.stock_quantity,ci1_0."unit-price",ci1_0.updated_at from cart_items ci1_0 left join carts c1_0 on c1_0.id=ci1_0.cart_id where c1_0.id=?
Hibernate: select c1_0.id,c1_0.created_at,c1_0.updated_at,c1_0.user_id from carts c1_0 where c1_0.user_id=?
Hibernate: select ci1_0.id,ci1_0.cart_id,ci1_0.created_at,ci1_0.image_url,ci1_0.product_id,ci1_0.product_name,ci1_0.quantity,ci1_0.item_status,ci1_0.stock_quantity,ci1_0."unit-price",ci1_0.updated_at from cart_items ci1_0 left join carts c1_0 on c1_0.id=ci1_0.cart_id where c1_0.id=?
Hibernate: select ci1_0.id,ci1_0.cart_id,ci1_0.created_at,ci1_0.image_url,ci1_0.product_id,ci1_0.product_name,ci1_0.quantity,ci1_0.item_status,ci1_0.stock_quantity,ci1_0."unit-price",ci1_0.updated_at from cart_items ci1_0 left join carts c1_0 on c1_0.id=ci1_0.cart_id where c1_0.id=?
Hibernate: select c1_0.id,c1_0.created_at,c1_0.updated_at,c1_0.user_id from carts c1_0 where c1_0.user_id=?
Hibernate: select ci1_0.id,ci1_0.cart_id,ci1_0.created_at,ci1_0.image_url,ci1_0.product_id,ci1_0.product_name,ci1_0.quantity,ci1_0.item_status,ci1_0.stock_quantity,ci1_0."unit-price",ci1_0.updated_at from cart_items ci1_0 left join carts c1_0 on c1_0.id=ci1_0.cart_id where c1_0.id=?
Hibernate: select ci1_0.id,ci1_0.cart_id,ci1_0.created_at,ci1_0.image_url,ci1_0.product_id,ci1_0.product_name,ci1_0.quantity,ci1_0.item_status,ci1_0.stock_quantity,ci1_0."unit-price",ci1_0.updated_at from cart_items ci1_0 left join carts c1_0 on c1_0.id=ci1_0.cart_id where c1_0.id=?
Hibernate: select c1_0.id,c1_0.created_at,c1_0.updated_at,c1_0.user_id from carts c1_0 where c1_0.user_id=?
Hibernate: select ci1_0.id,ci1_0.cart_id,ci1_0.created_at,ci1_0.image_url,ci1_0.product_id,ci1_0.product_name,ci1_0.quantity,ci1_0.item_status,ci1_0.stock_quantity,ci1_0."unit-price",ci1_0.updated_at from cart_items ci1_0 left join carts c1_0 on c1_0.id=ci1_0.cart_id where c1_0.id=?
Hibernate: select ci1_0.id,ci1_0.cart_id,ci1_0.created_at,ci1_0.image_url,ci1_0.product_id,ci1_0.product_name,ci1_0.quantity,ci1_0.item_status,ci1_0.stock_quantity,ci1_0."unit-price",ci1_0.updated_at from cart_items ci1_0 left join carts c1_0 on c1_0.id=ci1_0.cart_id where c1_0.id=?
Hibernate: select c1_0.id,c1_0.created_at,c1_0.updated_at,c1_0.user_id from carts c1_0 where c1_0.user_id=?
Hibernate: select ci1_0.id,ci1_0.cart_id,ci1_0.created_at,ci1_0.image_url,ci1_0.product_id,ci1_0.product_name,ci1_0.quantity,ci1_0.item_status,ci1_0.stock_quantity,ci1_0."unit-price",ci1_0.updated_at from cart_items ci1_0 left join carts c1_0 on c1_0.id=ci1_0.cart_id where c1_0.id=?
Hibernate: select ci1_0.id,ci1_0.cart_id,ci1_0.created_at,ci1_0.image_url,ci1_0.product_id,ci1_0.product_name,ci1_0.quantity,ci1_0.item_status,ci1_0.stock_quantity,ci1_0."unit-price",ci1_0.updated_at from cart_items ci1_0 left join carts c1_0 on c1_0.id=ci1_0.cart_id where c1_0.id=?
Hibernate: select c1_0.id,c1_0.created_at,c1_0.updated_at,c1_0.user_id from carts c1_0 where c1_0.user_id=?
Hibernate: select ci1_0.id,ci1_0.cart_id,ci1_0.created_at,ci1_0.image_url,ci1_0.product_id,ci1_0.product_name,ci1_0.quantity,ci1_0.item_status,ci1_0.stock_quantity,ci1_0."unit-price",ci1_0.updated_at from cart_items ci1_0 left join carts c1_0 on c1_0.id=ci1_0.cart_id where c1_0.id=?
Hibernate: select ci1_0.id,ci1_0.cart_id,ci1_0.created_at,ci1_0.image_url,ci1_0.product_id,ci1_0.product_name,ci1_0.quantity,ci1_0.item_status,ci1_0.stock_quantity,ci1_0."unit-price",ci1_0.updated_at from cart_items ci1_0 left join carts c1_0 on c1_0.id=ci1_0.cart_id where c1_0.id=?
2026-05-19T18:16:28.461+05:30  INFO 41919 --- [nio-8082-exec-7] org.example.services.CheckOutService     : Starting checkout for user: cherry@gmail.com
Hibernate: select c1_0.id,c1_0.created_at,c1_0.updated_at,c1_0.user_id from carts c1_0 where c1_0.user_id=?
Hibernate: select ci1_0.id,ci1_0.cart_id,ci1_0.created_at,ci1_0.image_url,ci1_0.product_id,ci1_0.product_name,ci1_0.quantity,ci1_0.item_status,ci1_0.stock_quantity,ci1_0."unit-price",ci1_0.updated_at from cart_items ci1_0 left join carts c1_0 on c1_0.id=ci1_0.cart_id where c1_0.id=?
[INFO] ------------------------------------------------------------------------
[INFO] BUILD FAILURE
[INFO] ------------------------------------------------------------------------
[INFO] Total time:  04:54 min
[INFO] Finished at: 2026-05-19T18:18:31+05:30
[INFO] ------------------------------------------------------------------------
[ERROR] Failed to execute goal org.springframework.boot:spring-boot-maven-plugin:3.2.5:run (default-cli) on project cart-service: Process terminated with exit code: 137 -> [Help 1]
[ERROR] 
[ERROR] To see the full stack trace of the errors, re-run Maven with the -e switch.
[ERROR] Re-run Maven using the -X switch to enable full debug logging.
[ERROR] 
[ERROR] For more information about the errors and possible solutions, please read the following articles:
[ERROR] [Help 1] http://cwiki.apache.org/confluence/display/MAVEN/MojoExecutionException
